DEPRECATED: Dalli's :compression option is now just :compress => true.  Please update your configuration.
Connecting to database specified by database.yml
SQLite3::SQLException: no such table: system_parameters: SELECT current_value FROM system_parameters WHERE parameter = 'time_offset'
Processing by PostsController#index as HTML
Completed 500 Internal Server Error in 173ms
  Rendered /Users/dlangevin/.rvm/gems/ruby-1.9.2-p290/gems/actionpack-3.2.9/lib/action_dispatch/middleware/templates/rescues/_trace.erb (1.6ms)
  Rendered /Users/dlangevin/.rvm/gems/ruby-1.9.2-p290/gems/actionpack-3.2.9/lib/action_dispatch/middleware/templates/rescues/_request_and_response.erb (1.1ms)
  Rendered /Users/dlangevin/.rvm/gems/ruby-1.9.2-p290/gems/actionpack-3.2.9/lib/action_dispatch/middleware/templates/rescues/diagnostics.erb within rescues/layout (35.2ms)
DEPRECATED: Dalli's :compression option is now just :compress => true.  Please update your configuration.
Connecting to database specified by database.yml
SQLite3::SQLException: no such table: system_parameters: SELECT current_value FROM system_parameters WHERE parameter = 'time_offset'
DEPRECATED: Dalli's :compression option is now just :compress => true.  Please update your configuration.
Connecting to database specified by database.yml
SQLite3::SQLException: no such table: system_parameters: SELECT current_value FROM system_parameters WHERE parameter = 'time_offset'
Processing by PostsController#index as HTML
  Rendered posts/index.html.erb within layouts/application (26.5ms)
Completed 500 Internal Server Error in 388ms
  Rendered /Users/dlangevin/.rvm/gems/ruby-1.9.2-p290/gems/actionpack-3.2.9/lib/action_dispatch/middleware/templates/rescues/_trace.erb (1.8ms)
  Rendered /Users/dlangevin/.rvm/gems/ruby-1.9.2-p290/gems/actionpack-3.2.9/lib/action_dispatch/middleware/templates/rescues/_request_and_response.erb (1.1ms)
  Rendered /Users/dlangevin/.rvm/gems/ruby-1.9.2-p290/gems/actionpack-3.2.9/lib/action_dispatch/middleware/templates/rescues/diagnostics.erb within rescues/layout (8.6ms)
DEPRECATED: Dalli's :compression option is now just :compress => true.  Please update your configuration.
Connecting to database specified by database.yml
SQLite3::SQLException: no such table: system_parameters: SELECT current_value FROM system_parameters WHERE parameter = 'time_offset'
Processing by PostsController#index as HTML
  Rendered posts/index.html.erb within layouts/application (30.6ms)
Compiled test/test.css  (214ms)  (pid 98827)
Compiled application.css  (226ms)  (pid 98827)
Completed 500 Internal Server Error in 685ms
  Rendered /Users/dlangevin/.rvm/gems/ruby-1.9.2-p290/gems/actionpack-3.2.9/lib/action_dispatch/middleware/templates/rescues/_trace.erb (1.8ms)
  Rendered /Users/dlangevin/.rvm/gems/ruby-1.9.2-p290/gems/actionpack-3.2.9/lib/action_dispatch/middleware/templates/rescues/_request_and_response.erb (1.1ms)
  Rendered /Users/dlangevin/.rvm/gems/ruby-1.9.2-p290/gems/actionpack-3.2.9/lib/action_dispatch/middleware/templates/rescues/diagnostics.erb within rescues/layout (9.8ms)
Processing by PostsController#index as HTML
  Rendered posts/index.html.erb within layouts/application (0.4ms)
Compiled application.js  (0ms)  (pid 98827)
Completed 200 OK in 22ms (Views: 19.7ms | ActiveRecord: 0.4ms)
Served asset /test/test.css - 200 OK (2ms)
Served asset /application.css - 200 OK (5ms)
Served asset /application.js - 200 OK (2ms)
Connecting to database specified by database.yml
Connecting to database specified by database.yml
Connecting to database specified by database.yml


Started GET "/posts" for 127.0.0.1 at 2013-06-20 09:06:24 -0400

ActionController::RoutingError (undefined method `redirect_on_login' for PostsController:Class):
  app/controllers/posts_controller.rb:11:in `<class:PostsController>'
  app/controllers/posts_controller.rb:1:in `<top (required)>'


  Rendered /Users/dlangevin/.rvm/gems/ruby-1.9.2-p290/gems/actionpack-3.2.13/lib/action_dispatch/middleware/templates/rescues/routing_error.erb within rescues/layout (18.4ms)


Started GET "/posts" for 127.0.0.1 at 2013-06-20 09:06:52 -0400
Processing by PostsController#index as HTML
Completed 500 Internal Server Error in 0ms

ArgumentError (wrong number of arguments (0 for 1)):
  app/controllers/posts_controller.rb:7:in `new'
  app/controllers/posts_controller.rb:7:in `index'


  Rendered /Users/dlangevin/.rvm/gems/ruby-1.9.2-p290/gems/actionpack-3.2.13/lib/action_dispatch/middleware/templates/rescues/_trace.erb (1.8ms)
  Rendered /Users/dlangevin/.rvm/gems/ruby-1.9.2-p290/gems/actionpack-3.2.13/lib/action_dispatch/middleware/templates/rescues/_request_and_response.erb (1.1ms)
  Rendered /Users/dlangevin/.rvm/gems/ruby-1.9.2-p290/gems/actionpack-3.2.13/lib/action_dispatch/middleware/templates/rescues/diagnostics.erb within rescues/layout (10.2ms)


Started GET "/posts" for 127.0.0.1 at 2013-06-20 09:07:11 -0400
Processing by PostsController#index as HTML
Google::APIClient - Initializing client with options {}
Google::APIClient - Please provide :application_name and :application_version when initializing the client
  Rendered posts/index.html.erb within layouts/application (57.1ms)
Completed 500 Internal Server Error in 70ms

ActionView::Template::Error (undefined local variable or method `moona_experiment_js' for #<#<Class:0x007fd5887c07f8>:0x007fd588699190>):
    1: <%= moona_experiment_js %>
    2: 
    3: <%= moona_experiment_js(:test) %>
    4: 
  app/views/posts/index.html.erb:1:in `_app_views_posts_index_html_erb__1390010183590723093_70277546497980'
  app/controllers/posts_controller.rb:8:in `index'


  Rendered /Users/dlangevin/.rvm/gems/ruby-1.9.2-p290/gems/actionpack-3.2.13/lib/action_dispatch/middleware/templates/rescues/_trace.erb (1.7ms)
  Rendered /Users/dlangevin/.rvm/gems/ruby-1.9.2-p290/gems/actionpack-3.2.13/lib/action_dispatch/middleware/templates/rescues/_request_and_response.erb (1.2ms)
  Rendered /Users/dlangevin/.rvm/gems/ruby-1.9.2-p290/gems/actionpack-3.2.13/lib/action_dispatch/middleware/templates/rescues/template_error.erb within rescues/layout (26.3ms)
Google::APIClient::Request Sending API request get https://www.googleapis.com/discovery/v1/apis/analytics/v3/rest {"User-Agent"=>"google-api-ruby-client/0.6.4 Mac OS X/10.8.2"}
Google::APIClient::Request Result: 200 {"expires"=>"Thu, 20 Jun 2013 13:12:08 GMT", "date"=>"Thu, 20 Jun 2013 13:07:08 GMT", "etag"=>"\"0kaFfN0xfjZjASExv-gUnrWhdto/_leRpUPO5YQPQnkMTbOkhQsK3Xc\"", "content-type"=>"application/json; charset=UTF-8", "x-content-type-options"=>"nosniff", "x-frame-options"=>"SAMEORIGIN", "x-xss-protection"=>"1; mode=block", "server"=>"GSE", "cache-control"=>"public, max-age=300, must-revalidate, no-transform", "age"=>"0", "connection"=>"close"}
Google::APIClient::Request Sending API request get https://www.googleapis.com/analytics/v3/management/accounts/2633140/webproperties/UA-2633140-5/profiles/73716702/experiments {"User-Agent"=>"google-api-ruby-client/0.6.4 Mac OS X/10.8.2", "Authorization"=>"Bearer ya29.AHES6ZQfNf7iXYsH4CdWqYqUI8tW0sdO_3yHs7umVDRW-Wpm", "Cache-Control"=>"no-store"}
Google::APIClient::Request Result: 200 {"expires"=>"Thu, 20 Jun 2013 13:07:08 GMT", "date"=>"Thu, 20 Jun 2013 13:07:08 GMT", "cache-control"=>"private, max-age=0, must-revalidate, no-transform", "etag"=>"\"VB2V-YLZlD2d47FwNAG80gwR66o/GBZzUjnsd3uEM7O70Ex6zKJU_jo\"", "content-type"=>"application/json; charset=UTF-8", "x-content-type-options"=>"nosniff", "x-frame-options"=>"SAMEORIGIN", "x-xss-protection"=>"1; mode=block", "server"=>"GSE", "connection"=>"close"}
Connecting to database specified by database.yml


Started GET "/posts" for 127.0.0.1 at 2013-06-20 09:09:17 -0400
Processing by PostsController#index as HTML
  Rendered posts/index.html.erb within layouts/application (89.7ms)
Completed 500 Internal Server Error in 144ms

ActionView::Template::Error (undefined local variable or method `moona_experiment_js' for #<#<Class:0x007fcf020cd5b8>:0x007fcf02018be0>):
    1: <%= moona_experiment_js %>
    2: 
    3: <%= moona_experiment_js(:test) %>
    4: 
  app/views/posts/index.html.erb:1:in `_app_views_posts_index_html_erb__3343247013389583406_70263511412560'
  app/controllers/posts_controller.rb:8:in `index'


  Rendered /Users/dlangevin/.rvm/gems/ruby-1.9.2-p290/gems/actionpack-3.2.13/lib/action_dispatch/middleware/templates/rescues/_trace.erb (1.5ms)
  Rendered /Users/dlangevin/.rvm/gems/ruby-1.9.2-p290/gems/actionpack-3.2.13/lib/action_dispatch/middleware/templates/rescues/_request_and_response.erb (1.1ms)
  Rendered /Users/dlangevin/.rvm/gems/ruby-1.9.2-p290/gems/actionpack-3.2.13/lib/action_dispatch/middleware/templates/rescues/template_error.erb within rescues/layout (7.7ms)
Connecting to database specified by database.yml


Started GET "/posts" for 127.0.0.1 at 2013-06-20 09:10:03 -0400
Processing by PostsController#index as HTML
  Rendered posts/index.html.erb within layouts/application (92.2ms)
Completed 500 Internal Server Error in 146ms

ActionView::Template::Error (undefined local variable or method `moona_experiment_js' for #<#<Class:0x007f95199d4940>:0x007f951994cf68>):
    1: <%= moona_experiment_js %>
    2: 
    3: <%= moona_experiment_js(:test) %>
    4: 
  app/views/posts/index.html.erb:1:in `_app_views_posts_index_html_erb__187558156843727683_70139129772360'
  app/controllers/posts_controller.rb:8:in `index'


  Rendered /Users/dlangevin/.rvm/gems/ruby-1.9.2-p290/gems/actionpack-3.2.13/lib/action_dispatch/middleware/templates/rescues/_trace.erb (1.6ms)
  Rendered /Users/dlangevin/.rvm/gems/ruby-1.9.2-p290/gems/actionpack-3.2.13/lib/action_dispatch/middleware/templates/rescues/_request_and_response.erb (1.2ms)
  Rendered /Users/dlangevin/.rvm/gems/ruby-1.9.2-p290/gems/actionpack-3.2.13/lib/action_dispatch/middleware/templates/rescues/template_error.erb within rescues/layout (8.1ms)
Connecting to database specified by database.yml
Connecting to database specified by database.yml


Started GET "/posts" for 127.0.0.1 at 2013-06-20 09:14:30 -0400
Processing by PostsController#index as HTML
  Rendered posts/index.html.erb within layouts/application (55.5ms)
Completed 500 Internal Server Error in 144ms

ActionView::Template::Error (undefined method `instance_variable_get?' for #<#<Class:0x007fc5b4a8e298>:0x007fc5b4a71940>):
    1: <%= moona_experiment_js %>
    2: 
    3: <%= moona_experiment_js(:test) %>
    4: 
  app/views/posts/index.html.erb:1:in `_app_views_posts_index_html_erb__504434627124619096_70243611155940'
  app/controllers/posts_controller.rb:8:in `index'


  Rendered /Users/dlangevin/.rvm/gems/ruby-1.9.2-p290/gems/actionpack-3.2.13/lib/action_dispatch/middleware/templates/rescues/_trace.erb (1.6ms)
  Rendered /Users/dlangevin/.rvm/gems/ruby-1.9.2-p290/gems/actionpack-3.2.13/lib/action_dispatch/middleware/templates/rescues/_request_and_response.erb (1.1ms)
  Rendered /Users/dlangevin/.rvm/gems/ruby-1.9.2-p290/gems/actionpack-3.2.13/lib/action_dispatch/middleware/templates/rescues/template_error.erb within rescues/layout (8.0ms)


Started GET "/posts" for 127.0.0.1 at 2013-06-20 09:14:38 -0400
Processing by PostsController#index as HTML
  Rendered posts/index.html.erb within layouts/application (2.3ms)
Completed 500 Internal Server Error in 5ms

ActionView::Template::Error (undefined method `experiment_id' for #<Moona::Ostruct:0x007fc5ba99c460>):
    1: <%= moona_experiment_js %>
    2: 
    3: <%= moona_experiment_js(:test) %>
    4: 
  app/views/posts/index.html.erb:1:in `_app_views_posts_index_html_erb__504434627124619096_70243611155940'
  app/controllers/posts_controller.rb:8:in `index'


  Rendered /Users/dlangevin/.rvm/gems/ruby-1.9.2-p290/gems/actionpack-3.2.13/lib/action_dispatch/middleware/templates/rescues/_trace.erb (1.6ms)
  Rendered /Users/dlangevin/.rvm/gems/ruby-1.9.2-p290/gems/actionpack-3.2.13/lib/action_dispatch/middleware/templates/rescues/_request_and_response.erb (1.1ms)
  Rendered /Users/dlangevin/.rvm/gems/ruby-1.9.2-p290/gems/actionpack-3.2.13/lib/action_dispatch/middleware/templates/rescues/template_error.erb within rescues/layout (8.1ms)


Started GET "/posts" for 127.0.0.1 at 2013-06-20 09:16:07 -0400
Processing by PostsController#index as HTML
  Rendered posts/index.html.erb within layouts/application (1.6ms)
Completed 500 Internal Server Error in 44ms

ActionView::Template::Error (undefined method `experiment_id' for #<Moona::Ostruct:0x007fc5b83425d0>):
    1: <%= moona_experiment_js %>
    2: 
    3: <%= moona_experiment_js(:test) %>
    4: 
  app/views/posts/index.html.erb:1:in `_app_views_posts_index_html_erb__504434627124619096_70243611155940'
  app/controllers/posts_controller.rb:8:in `index'


  Rendered /Users/dlangevin/.rvm/gems/ruby-1.9.2-p290/gems/actionpack-3.2.13/lib/action_dispatch/middleware/templates/rescues/_trace.erb (1.4ms)
  Rendered /Users/dlangevin/.rvm/gems/ruby-1.9.2-p290/gems/actionpack-3.2.13/lib/action_dispatch/middleware/templates/rescues/_request_and_response.erb (1.1ms)
  Rendered /Users/dlangevin/.rvm/gems/ruby-1.9.2-p290/gems/actionpack-3.2.13/lib/action_dispatch/middleware/templates/rescues/template_error.erb within rescues/layout (7.7ms)
Connecting to database specified by database.yml


Started GET "/posts" for 127.0.0.1 at 2013-06-20 09:16:26 -0400
Processing by PostsController#index as HTML
  Rendered posts/index.html.erb within layouts/application (51.4ms)
Completed 500 Internal Server Error in 140ms

ActionView::Template::Error (undefined method `experiment_id' for #<Moona::Ostruct:0x007fedf41c7b10>):
    1: <%= moona_experiment_js %>
    2: 
    3: <%= moona_experiment_js(:test) %>
    4: 
  app/views/posts/index.html.erb:1:in `_app_views_posts_index_html_erb___3910674928862222950_70330055163280'
  app/controllers/posts_controller.rb:8:in `index'


  Rendered /Users/dlangevin/.rvm/gems/ruby-1.9.2-p290/gems/actionpack-3.2.13/lib/action_dispatch/middleware/templates/rescues/_trace.erb (1.6ms)
  Rendered /Users/dlangevin/.rvm/gems/ruby-1.9.2-p290/gems/actionpack-3.2.13/lib/action_dispatch/middleware/templates/rescues/_request_and_response.erb (1.0ms)
  Rendered /Users/dlangevin/.rvm/gems/ruby-1.9.2-p290/gems/actionpack-3.2.13/lib/action_dispatch/middleware/templates/rescues/template_error.erb within rescues/layout (7.9ms)


Started GET "/posts" for 127.0.0.1 at 2013-06-20 09:18:04 -0400
Processing by PostsController#index as HTML
  Rendered posts/index.html.erb within layouts/application (2.3ms)
Completed 500 Internal Server Error in 6ms

ActionView::Template::Error (undefined method `experiment_id' for #<Moona::Ostruct:0x007fedf414c690>):
    1: <%= moona_experiment_js %>
    2: 
    3: <%= moona_experiment_js(:test) %>
    4: 
  app/views/posts/index.html.erb:1:in `_app_views_posts_index_html_erb___3910674928862222950_70330055163280'
  app/controllers/posts_controller.rb:8:in `index'


  Rendered /Users/dlangevin/.rvm/gems/ruby-1.9.2-p290/gems/actionpack-3.2.13/lib/action_dispatch/middleware/templates/rescues/_trace.erb (1.5ms)
  Rendered /Users/dlangevin/.rvm/gems/ruby-1.9.2-p290/gems/actionpack-3.2.13/lib/action_dispatch/middleware/templates/rescues/_request_and_response.erb (1.0ms)
  Rendered /Users/dlangevin/.rvm/gems/ruby-1.9.2-p290/gems/actionpack-3.2.13/lib/action_dispatch/middleware/templates/rescues/template_error.erb within rescues/layout (7.8ms)
Connecting to database specified by database.yml
Connecting to database specified by database.yml


Started GET "/posts" for 127.0.0.1 at 2013-06-20 10:04:21 -0400
Processing by PostsController#index as HTML
  Rendered posts/index.html.erb within layouts/application (53.9ms)
Completed 500 Internal Server Error in 114ms

ActionView::Template::Error (undefined method `experiment_id' for #<Moona::Ostruct:0x007fc8cb96eb50>):
    1: <%= moona_experiment_js %>
    2: 
    3: <%= moona_experiment_js(:test) %>
    4: 
  app/views/posts/index.html.erb:1:in `_app_views_posts_index_html_erb__2100150458525023748_70250193389240'
  app/controllers/posts_controller.rb:8:in `index'


  Rendered /Users/dlangevin/.rvm/gems/ruby-1.9.2-p290/gems/actionpack-3.2.13/lib/action_dispatch/middleware/templates/rescues/_trace.erb (2.3ms)
  Rendered /Users/dlangevin/.rvm/gems/ruby-1.9.2-p290/gems/actionpack-3.2.13/lib/action_dispatch/middleware/templates/rescues/_request_and_response.erb (1.7ms)
  Rendered /Users/dlangevin/.rvm/gems/ruby-1.9.2-p290/gems/actionpack-3.2.13/lib/action_dispatch/middleware/templates/rescues/template_error.erb within rescues/layout (12.7ms)
Connecting to database specified by database.yml


Started GET "/posts" for 127.0.0.1 at 2013-06-20 10:07:26 -0400
Processing by PostsController#index as HTML
  Rendered posts/index.html.erb within layouts/application (93.8ms)
Completed 500 Internal Server Error in 1283220ms

ActionView::Template::Error (undefined method `each' for nil:NilClass):
    13:     <th></th>
    14:   </tr>
    15: 
    16: <% @posts.each do |post| %>
    17:   <tr>
    18:     <td><%= post.title %></td>
    19:     <td><%= post.body %></td>
  app/views/posts/index.html.erb:16:in `_app_views_posts_index_html_erb__2383692723573098921_70312404604700'
  app/controllers/posts_controller.rb:8:in `index'


  Rendered /Users/dlangevin/.rvm/gems/ruby-1.9.2-p290/gems/actionpack-3.2.13/lib/action_dispatch/middleware/templates/rescues/_trace.erb (2.4ms)
  Rendered /Users/dlangevin/.rvm/gems/ruby-1.9.2-p290/gems/actionpack-3.2.13/lib/action_dispatch/middleware/templates/rescues/_request_and_response.erb (1.7ms)
  Rendered /Users/dlangevin/.rvm/gems/ruby-1.9.2-p290/gems/actionpack-3.2.13/lib/action_dispatch/middleware/templates/rescues/template_error.erb within rescues/layout (10.6ms)


Started GET "/posts" for 127.0.0.1 at 2013-06-20 10:43:09 -0400
Processing by PostsController#index as HTML
  Rendered posts/index.html.erb within layouts/application (36760.5ms)
Completed 500 Internal Server Error in 36764ms

ActionView::Template::Error (undefined method `each' for nil:NilClass):
    13:     <th></th>
    14:   </tr>
    15: 
    16: <% @posts.each do |post| %>
    17:   <tr>
    18:     <td><%= post.title %></td>
    19:     <td><%= post.body %></td>
  app/views/posts/index.html.erb:16:in `_app_views_posts_index_html_erb__2383692723573098921_70312404604700'
  app/controllers/posts_controller.rb:8:in `index'


  Rendered /Users/dlangevin/.rvm/gems/ruby-1.9.2-p290/gems/actionpack-3.2.13/lib/action_dispatch/middleware/templates/rescues/_trace.erb (2.2ms)
  Rendered /Users/dlangevin/.rvm/gems/ruby-1.9.2-p290/gems/actionpack-3.2.13/lib/action_dispatch/middleware/templates/rescues/_request_and_response.erb (1.5ms)
  Rendered /Users/dlangevin/.rvm/gems/ruby-1.9.2-p290/gems/actionpack-3.2.13/lib/action_dispatch/middleware/templates/rescues/template_error.erb within rescues/layout (10.2ms)


Started GET "/posts" for 127.0.0.1 at 2013-06-20 10:44:09 -0400
Processing by PostsController#index as HTML
  Rendered posts/index.html.erb within layouts/application (70923.1ms)
Completed 500 Internal Server Error in 70928ms

ActionView::Template::Error (undefined method `present' for nil:NilClass):
    13:     <th></th>
    14:   </tr>
    15: 
    16: <% if @posts.present %>
    17:   <% @posts.each do |post| %>
    18:     <tr>
    19:       <td><%= post.title %></td>
  app/views/posts/index.html.erb:16:in `_app_views_posts_index_html_erb__2383692723573098921_70312341011580'
  app/controllers/posts_controller.rb:8:in `index'


  Rendered /Users/dlangevin/.rvm/gems/ruby-1.9.2-p290/gems/actionpack-3.2.13/lib/action_dispatch/middleware/templates/rescues/_trace.erb (2.2ms)
  Rendered /Users/dlangevin/.rvm/gems/ruby-1.9.2-p290/gems/actionpack-3.2.13/lib/action_dispatch/middleware/templates/rescues/_request_and_response.erb (1.6ms)
  Rendered /Users/dlangevin/.rvm/gems/ruby-1.9.2-p290/gems/actionpack-3.2.13/lib/action_dispatch/middleware/templates/rescues/template_error.erb within rescues/layout (10.5ms)
Connecting to database specified by database.yml


Started GET "/posts" for 127.0.0.1 at 2013-06-20 10:45:40 -0400
Processing by PostsController#index as HTML
Google::APIClient - Initializing client with options {}
Google::APIClient - Please provide :application_name and :application_version when initializing the client
Google::APIClient::Request Sending API request get https://www.googleapis.com/discovery/v1/apis/analytics/v3/rest {"User-Agent"=>"google-api-ruby-client/0.6.4 Mac OS X/10.8.2"}
Google::APIClient::Request Result: 200 {"expires"=>"Thu, 20 Jun 2013 14:47:39 GMT", "date"=>"Thu, 20 Jun 2013 14:42:39 GMT", "etag"=>"\"0kaFfN0xfjZjASExv-gUnrWhdto/_leRpUPO5YQPQnkMTbOkhQsK3Xc\"", "content-type"=>"application/json; charset=UTF-8", "x-content-type-options"=>"nosniff", "x-frame-options"=>"SAMEORIGIN", "x-xss-protection"=>"1; mode=block", "server"=>"GSE", "age"=>"194", "cache-control"=>"public, max-age=300, must-revalidate, no-transform", "connection"=>"close"}
Google::APIClient::Request Sending API request get https://www.googleapis.com/analytics/v3/management/accounts/2633140/webproperties/UA-2633140-5/profiles/73716702/experiments {"User-Agent"=>"google-api-ruby-client/0.6.4 Mac OS X/10.8.2", "Authorization"=>"Bearer ya29.AHES6ZTKdGWEVQP5c5z0vbVwELKcNz6xAy-jHq_qhOXfPQ6-", "Cache-Control"=>"no-store"}
Google::APIClient::Request Result: 200 {"expires"=>"Thu, 20 Jun 2013 14:45:54 GMT", "date"=>"Thu, 20 Jun 2013 14:45:54 GMT", "cache-control"=>"private, max-age=0, must-revalidate, no-transform", "etag"=>"\"VB2V-YLZlD2d47FwNAG80gwR66o/GBZzUjnsd3uEM7O70Ex6zKJU_jo\"", "content-type"=>"application/json; charset=UTF-8", "x-content-type-options"=>"nosniff", "x-frame-options"=>"SAMEORIGIN", "x-xss-protection"=>"1; mode=block", "server"=>"GSE", "connection"=>"close"}
execution expired
["/Users/dlangevin/Documents/Projects/moona/lib/moona/google_analytics.rb:15:in `get_experiments'", "/Users/dlangevin/Documents/Projects/moona/lib/moona/google_analytics.rb:10:in `get_experiment'", "/Users/dlangevin/Documents/Projects/moona/lib/moona/google_analytics.rb:41:in `get_variant'", "/Users/dlangevin/Documents/Projects/moona/lib/moona/base.rb:36:in `block (2 levels) in get_variant_value'", "/Users/dlangevin/Documents/Projects/moona/lib/moona/base.rb:33:in `block in get_variant_value'", "/Users/dlangevin/Documents/Projects/moona/lib/moona.rb:86:in `with_error_handling'", "/Users/dlangevin/Documents/Projects/moona/lib/moona/base.rb:32:in `get_variant_value'", "/Users/dlangevin/Documents/Projects/moona/lib/moona/base.rb:18:in `block in get_variant'", "/Users/dlangevin/.rvm/gems/ruby-1.9.2-p290/gems/celluloid-0.14.1/lib/celluloid/calls.rb:25:in `call'", "/Users/dlangevin/.rvm/gems/ruby-1.9.2-p290/gems/celluloid-0.14.1/lib/celluloid/calls.rb:25:in `public_send'", "/Users/dlangevin/.rvm/gems/ruby-1.9.2-p290/gems/celluloid-0.14.1/lib/celluloid/calls.rb:25:in `dispatch'", "/Users/dlangevin/.rvm/gems/ruby-1.9.2-p290/gems/celluloid-0.14.1/lib/celluloid/calls.rb:67:in `dispatch'", "/Users/dlangevin/.rvm/gems/ruby-1.9.2-p290/gems/celluloid-0.14.1/lib/celluloid/future.rb:15:in `block in new'", "/Users/dlangevin/.rvm/gems/ruby-1.9.2-p290/gems/celluloid-0.14.1/lib/celluloid/internal_pool.rb:59:in `call'", "/Users/dlangevin/.rvm/gems/ruby-1.9.2-p290/gems/celluloid-0.14.1/lib/celluloid/internal_pool.rb:59:in `block in create'"]
  Rendered posts/index.html.erb within layouts/application (104.2ms)
Completed 500 Internal Server Error in 28308ms

ActionView::Template::Error (undefined method `present' for nil:NilClass):
    13:     <th></th>
    14:   </tr>
    15: 
    16: <% if @posts.present %>
    17:   <% @posts.each do |post| %>
    18:     <tr>
    19:       <td><%= post.title %></td>
  app/views/posts/index.html.erb:16:in `_app_views_posts_index_html_erb___2737887536567878863_70218241517300'
  app/controllers/posts_controller.rb:8:in `index'


  Rendered /Users/dlangevin/.rvm/gems/ruby-1.9.2-p290/gems/actionpack-3.2.13/lib/action_dispatch/middleware/templates/rescues/_trace.erb (2.1ms)
  Rendered /Users/dlangevin/.rvm/gems/ruby-1.9.2-p290/gems/actionpack-3.2.13/lib/action_dispatch/middleware/templates/rescues/_request_and_response.erb (1.6ms)
  Rendered /Users/dlangevin/.rvm/gems/ruby-1.9.2-p290/gems/actionpack-3.2.13/lib/action_dispatch/middleware/templates/rescues/template_error.erb within rescues/layout (10.0ms)
Connecting to database specified by database.yml


Started GET "/posts" for 127.0.0.1 at 2013-06-20 10:46:35 -0400
Processing by PostsController#index as HTML
  Rendered posts/index.html.erb within layouts/application (19.5ms)
Completed 500 Internal Server Error in 46236ms

ActionView::Template::Error (no such file to load -- sass
  (in /Users/dlangevin/Documents/Projects/moona/spec/dummy/app/assets/stylesheets/test/test.scss)):
    2: <html>
    3: <head>
    4:   <title>Dummy</title>
    5:   <%= stylesheet_link_tag    "application", :media => "all" %>
    6:   <%= javascript_include_tag "application" %>
    7:   <%= csrf_meta_tags %>
    8: </head>
  app/views/layouts/application.html.erb:5:in `_app_views_layouts_application_html_erb__336243282507744712_70192048165580'
  app/controllers/posts_controller.rb:8:in `index'


  Rendered /Users/dlangevin/.rvm/gems/ruby-1.9.2-p290/gems/actionpack-3.2.13/lib/action_dispatch/middleware/templates/rescues/_trace.erb (2.3ms)
  Rendered /Users/dlangevin/.rvm/gems/ruby-1.9.2-p290/gems/actionpack-3.2.13/lib/action_dispatch/middleware/templates/rescues/_request_and_response.erb (1.6ms)
  Rendered /Users/dlangevin/.rvm/gems/ruby-1.9.2-p290/gems/actionpack-3.2.13/lib/action_dispatch/middleware/templates/rescues/template_error.erb within rescues/layout (10.1ms)
Connecting to database specified by database.yml


Started GET "/posts" for 127.0.0.1 at 2013-06-20 10:48:15 -0400
Processing by PostsController#index as HTML
  Rendered posts/index.html.erb within layouts/application (23.9ms)
Completed 500 Internal Server Error in 245842ms

ActionView::Template::Error (File to import not found or unreadable: main.
Load path: Sass::Rails::Importer(/Users/dlangevin/Documents/Projects/moona/spec/dummy/app/assets/stylesheets/test/test.scss)
  (in /Users/dlangevin/Documents/Projects/moona/spec/dummy/app/assets/stylesheets/test/test.scss)):
    2: <html>
    3: <head>
    4:   <title>Dummy</title>
    5:   <%= stylesheet_link_tag    "application", :media => "all" %>
    6:   <%= javascript_include_tag "application" %>
    7:   <%= csrf_meta_tags %>
    8: </head>
  app/assets/stylesheets/test/test.scss:1
  app/views/layouts/application.html.erb:5:in `_app_views_layouts_application_html_erb___884377029671232329_70196149379200'
  app/controllers/posts_controller.rb:8:in `index'


  Rendered /Users/dlangevin/.rvm/gems/ruby-1.9.2-p290/gems/actionpack-3.2.13/lib/action_dispatch/middleware/templates/rescues/_trace.erb (2.3ms)
  Rendered /Users/dlangevin/.rvm/gems/ruby-1.9.2-p290/gems/actionpack-3.2.13/lib/action_dispatch/middleware/templates/rescues/_request_and_response.erb (1.5ms)
  Rendered /Users/dlangevin/.rvm/gems/ruby-1.9.2-p290/gems/actionpack-3.2.13/lib/action_dispatch/middleware/templates/rescues/template_error.erb within rescues/layout (11.6ms)


Started GET "/posts" for 127.0.0.1 at 2013-06-20 10:52:25 -0400
Processing by PostsController#index as HTML
  Rendered posts/index.html.erb within layouts/application (2.7ms)
Compiled application.css  (2ms)  (pid 6428)
Compiled application.js  (1ms)  (pid 6428)
Completed 200 OK in 41956ms (Views: 41955.6ms | ActiveRecord: 0.0ms)


Started GET "/assets/application.css?body=1" for 127.0.0.1 at 2013-06-20 10:53:07 -0400
Served asset /application.css - 200 OK (5ms)


Started GET "/assets/application.js?body=1" for 127.0.0.1 at 2013-06-20 10:53:07 -0400
Served asset /application.js - 200 OK (3ms)


Started GET "/posts" for 127.0.0.1 at 2013-06-20 10:53:31 -0400
Processing by PostsController#index as HTML
  Rendered posts/index.html.erb within layouts/application (5.2ms)
Completed 200 OK in 1837ms (Views: 1836.5ms | ActiveRecord: 0.0ms)


Started GET "/assets/application.css?body=1" for 127.0.0.1 at 2013-06-20 10:53:33 -0400
Served asset /application.css - 304 Not Modified (0ms)


Started GET "/assets/application.js?body=1" for 127.0.0.1 at 2013-06-20 10:53:33 -0400
Served asset /application.js - 304 Not Modified (0ms)
Connecting to database specified by database.yml


Started GET "/posts" for 127.0.0.1 at 2013-06-20 10:54:24 -0400
Processing by PostsController#index as HTML
  Rendered posts/index.html.erb within layouts/application (24.5ms)
Completed 200 OK in 111ms (Views: 110.2ms | ActiveRecord: 0.0ms)


Started GET "/assets/application.js?body=1" for 127.0.0.1 at 2013-06-20 10:54:24 -0400
Served asset /application.js - 200 OK (3ms)


Started GET "/assets/application.css?body=1" for 127.0.0.1 at 2013-06-20 10:54:24 -0400
Served asset /application.css - 200 OK (4ms)


Started GET "/posts" for 127.0.0.1 at 2013-06-20 10:55:17 -0400
Processing by PostsController#index as HTML
  Rendered posts/index.html.erb within layouts/application (3.0ms)
Completed 200 OK in 9ms (Views: 8.5ms | ActiveRecord: 0.0ms)


Started GET "/assets/application.js?body=1" for 127.0.0.1 at 2013-06-20 10:55:17 -0400
Served asset /application.js - 200 OK (0ms)


Started GET "/assets/application.css?body=1" for 127.0.0.1 at 2013-06-20 10:55:17 -0400
Served asset /application.css - 200 OK (0ms)


Started GET "/posts" for 127.0.0.1 at 2013-06-20 10:55:27 -0400
Processing by PostsController#index as HTML
  Rendered posts/index.html.erb within layouts/application (2.0ms)
Completed 200 OK in 8ms (Views: 7.6ms | ActiveRecord: 0.0ms)


Started GET "/assets/application.css?body=1" for 127.0.0.1 at 2013-06-20 10:55:28 -0400
Served asset /application.css - 200 OK (0ms)


Started GET "/assets/application.js?body=1" for 127.0.0.1 at 2013-06-20 10:55:28 -0400
Served asset /application.js - 200 OK (0ms)


Started GET "/posts" for 127.0.0.1 at 2013-06-20 10:55:53 -0400
Processing by PostsController#index as HTML
  Rendered posts/index.html.erb within layouts/application (2.8ms)
Completed 200 OK in 10ms (Views: 9.1ms | ActiveRecord: 0.0ms)


Started GET "/assets/application.js?body=1" for 127.0.0.1 at 2013-06-20 10:55:54 -0400
Served asset /application.js - 200 OK (0ms)


Started GET "/assets/application.css?body=1" for 127.0.0.1 at 2013-06-20 10:55:54 -0400
Served asset /application.css - 200 OK (0ms)


Started GET "/posts" for 127.0.0.1 at 2013-06-20 10:56:09 -0400
Processing by PostsController#index as HTML
  Rendered posts/index.html.erb within layouts/application (2.8ms)
Completed 200 OK in 9ms (Views: 8.4ms | ActiveRecord: 0.0ms)


Started GET "/assets/application.js?body=1" for 127.0.0.1 at 2013-06-20 10:56:09 -0400
Served asset /application.js - 200 OK (0ms)


Started GET "/assets/application.css?body=1" for 127.0.0.1 at 2013-06-20 10:56:09 -0400
Served asset /application.css - 200 OK (0ms)


Started GET "/posts" for 127.0.0.1 at 2013-06-20 10:56:34 -0400
Processing by PostsController#index as HTML
  Rendered posts/index.html.erb within layouts/application (17266.2ms)
Completed 200 OK in 17273ms (Views: 17273.0ms | ActiveRecord: 0.0ms)


Started GET "/assets/application.js?body=1" for 127.0.0.1 at 2013-06-20 10:56:51 -0400
Served asset /application.js - 304 Not Modified (0ms)


Started GET "/assets/application.css?body=1" for 127.0.0.1 at 2013-06-20 10:56:51 -0400
Served asset /application.css - 304 Not Modified (0ms)


Started GET "/posts" for 127.0.0.1 at 2013-06-20 10:57:08 -0400
Processing by PostsController#index as HTML
  Rendered posts/index.html.erb within layouts/application (1.9ms)
Completed 200 OK in 7ms (Views: 6.8ms | ActiveRecord: 0.0ms)


Started GET "/assets/application.css?body=1" for 127.0.0.1 at 2013-06-20 10:57:08 -0400
Served asset /application.css - 304 Not Modified (0ms)


Started GET "/assets/application.js?body=1" for 127.0.0.1 at 2013-06-20 10:57:08 -0400
Served asset /application.js - 304 Not Modified (0ms)
Connecting to database specified by database.yml
Connecting to database specified by database.yml
Connecting to database specified by database.yml
Connecting to database specified by database.yml
Connecting to database specified by database.yml
Connecting to database specified by database.yml
Connecting to database specified by database.yml
